# JRE version: Java(TM) SE Runtime Environment (8.0_221-b11) (build 1.8.0_221-b11)
# Java VM: Java HotSpot(TM) 64-Bit Server VM (25.221-b11 mixed mode windows-amd64 compressed oops)
Heap:
 PSYoungGen      total 930816K, used 696869K [0x0000000780800000, 0x00000007bff00000, 0x00000007c0000000)
  eden space 825856K, 75% used [0x0000000780800000,0x00000007a671f9e8,0x00000007b2e80000)
  from space 104960K, 71% used [0x00000007b2e80000,0x00000007b77e9a28,0x00000007b9500000)
  to   space 103424K, 0% used [0x00000007b9a00000,0x00000007b9a00000,0x00000007bff00000)
 ParOldGen       total 358400K, used 147001K [0x0000000701800000, 0x0000000717600000, 0x0000000780800000)
  object space 358400K, 41% used [0x0000000701800000,0x000000070a78e470,0x0000000717600000)
 Metaspace       used 8963K, capacity 9274K, committed 9600K, reserved 1058816K
  class space    used 951K, capacity 1055K, committed 1152K, reserved 1048576K
GC Heap History (10 events):
Event: 2271.595 GC heap before
{Heap before GC invocations=881 (full 23):
 PSYoungGen      total 915968K, used 891547K [0x0000000780800000, 0x00000007c0000000, 0x00000007c0000000)
  eden space 805888K, 100% used [0x0000000780800000,0x00000007b1b00000,0x00000007b1b00000)
  from space 110080K, 77% used [0x00000007b8880000,0x00000007bdc26eb0,0x00000007bf400000)
  to   space 112128K, 0% used [0x00000007b1b00000,0x00000007b1b00000,0x00000007b8880000)
 ParOldGen       total 358400K, used 100491K [0x0000000701800000, 0x0000000717600000, 0x0000000780800000)
  object space 358400K, 28% used [0x0000000701800000,0x0000000707a22c90,0x0000000717600000)
 Metaspace       used 8963K, capacity 9274K, committed 9600K, reserved 1058816K
  class space    used 951K, capacity 1055K, committed 1152K, reserved 1048576K
Event: 2271.789 GC heap after
Heap after GC invocations=881 (full 23):
 PSYoungGen      total 918016K, used 75829K [0x0000000780800000, 0x00000007bfe00000, 0x00000007c0000000)
  eden space 805888K, 0% used [0x0000000780800000,0x0000000780800000,0x00000007b1b00000)
  from space 112128K, 67% used [0x00000007b1b00000,0x00000007b650d508,0x00000007b8880000)
  to   space 110080K, 0% used [0x00000007b9280000,0x00000007b9280000,0x00000007bfe00000)
 ParOldGen       total 358400K, used 111590K [0x0000000701800000, 0x0000000717600000, 0x0000000780800000)
  object space 358400K, 31% used [0x0000000701800000,0x00000007084f99b0,0x0000000717600000)
 Metaspace       used 8963K, capacity 9274K, committed 9600K, reserved 1058816K
  class space    used 951K, capacity 1055K, committed 1152K, reserved 1048576K
}
Event: 2273.933 GC heap before
{Heap before GC invocations=882 (full 23):
 PSYoungGen      total 918016K, used 881717K [0x0000000780800000, 0x00000007bfe00000, 0x00000007c0000000)
  eden space 805888K, 100% used [0x0000000780800000,0x00000007b1b00000,0x00000007b1b00000)
  from space 112128K, 67% used [0x00000007b1b00000,0x00000007b650d508,0x00000007b8880000)
  to   space 110080K, 0% used [0x00000007b9280000,0x00000007b9280000,0x00000007bfe00000)
 ParOldGen       total 358400K, used 111590K [0x0000000701800000, 0x0000000717600000, 0x0000000780800000)
  object space 358400K, 31% used [0x0000000701800000,0x00000007084f99b0,0x0000000717600000)
 Metaspace       used 8963K, capacity 9274K, committed 9600K, reserved 1058816K
  class space    used 951K, capacity 1055K, committed 1152K, reserved 1048576K
Event: 2274.125 GC heap after
Heap after GC invocations=882 (full 23):
 PSYoungGen      total 924160K, used 59403K [0x0000000780800000, 0x00000007bfa00000, 0x00000007c0000000)
  eden space 818176K, 0% used [0x0000000780800000,0x0000000780800000,0x00000007b2700000)
  from space 105984K, 56% used [0x00000007b9280000,0x00000007bcc82e18,0x00000007bfa00000)
  to   space 108032K, 0% used [0x00000007b2700000,0x00000007b2700000,0x00000007b9080000)
 ParOldGen       total 358400K, used 127571K [0x0000000701800000, 0x0000000717600000, 0x0000000780800000)
  object space 358400K, 35% used [0x0000000701800000,0x0000000709494e40,0x0000000717600000)
 Metaspace       used 8963K, capacity 9274K, committed 9600K, reserved 1058816K
  class space    used 951K, capacity 1055K, committed 1152K, reserved 1048576K
}
Event: 2276.543 GC heap before
{Heap before GC invocations=883 (full 23):
 PSYoungGen      total 924160K, used 877579K [0x0000000780800000, 0x00000007bfa00000, 0x00000007c0000000)
  eden space 818176K, 100% used [0x0000000780800000,0x00000007b2700000,0x00000007b2700000)
  from space 105984K, 56% used [0x00000007b9280000,0x00000007bcc82e18,0x00000007bfa00000)
  to   space 108032K, 0% used [0x00000007b2700000,0x00000007b2700000,0x00000007b9080000)
 ParOldGen       total 358400K, used 127571K [0x0000000701800000, 0x0000000717600000, 0x0000000780800000)
  object space 358400K, 35% used [0x0000000701800000,0x0000000709494e40,0x0000000717600000)
 Metaspace       used 8963K, capacity 9274K, committed 9600K, reserved 1058816K
  class space    used 951K, capacity 1055K, committed 1152K, reserved 1048576K
Event: 2276.705 GC heap after
Heap after GC invocations=883 (full 23):
 PSYoungGen      total 926208K, used 75053K [0x0000000780800000, 0x00000007bff00000, 0x00000007c0000000)
  eden space 818176K, 0% used [0x0000000780800000,0x0000000780800000,0x00000007b2700000)
  from space 108032K, 69% used [0x00000007b2700000,0x00000007b704b730,0x00000007b9080000)
  to   space 106496K, 0% used [0x00000007b9700000,0x00000007b9700000,0x00000007bff00000)
 ParOldGen       total 358400K, used 128474K [0x0000000701800000, 0x0000000717600000, 0x0000000780800000)
  object space 358400K, 35% used [0x0000000701800000,0x0000000709576a60,0x0000000717600000)
 Metaspace       used 8963K, capacity 9274K, committed 9600K, reserved 1058816K
  class space    used 951K, capacity 1055K, committed 1152K, reserved 1048576K
}
Event: 2279.125 GC heap before
{Heap before GC invocations=884 (full 23):
 PSYoungGen      total 926208K, used 893229K [0x0000000780800000, 0x00000007bff00000, 0x00000007c0000000)
  eden space 818176K, 100% used [0x0000000780800000,0x00000007b2700000,0x00000007b2700000)
  from space 108032K, 69% used [0x00000007b2700000,0x00000007b704b730,0x00000007b9080000)
  to   space 106496K, 0% used [0x00000007b9700000,0x00000007b9700000,0x00000007bff00000)
 ParOldGen       total 358400K, used 128474K [0x0000000701800000, 0x0000000717600000, 0x0000000780800000)
  object space 358400K, 35% used [0x0000000701800000,0x0000000709576a60,0x0000000717600000)
 Metaspace       used 8963K, capacity 9274K, committed 9600K, reserved 1058816K
  class space    used 951K, capacity 1055K, committed 1152K, reserved 1048576K
Event: 2279.242 GC heap after
Heap after GC invocations=884 (full 23):
 PSYoungGen      total 928768K, used 57764K [0x0000000780800000, 0x00000007bfb80000, 0x00000007c0000000)
  eden space 825856K, 0% used [0x0000000780800000,0x0000000780800000,0x00000007b2e80000)
  from space 102912K, 56% used [0x00000007b9700000,0x00000007bcf69200,0x00000007bfb80000)
  to   space 104960K, 0% used [0x00000007b2e80000,0x00000007b2e80000,0x00000007b9500000)
 ParOldGen       total 358400K, used 146897K [0x0000000701800000, 0x0000000717600000, 0x0000000780800000)
  object space 358400K, 40% used [0x0000000701800000,0x000000070a774470,0x0000000717600000)
 Metaspace       used 8963K, capacity 9274K, committed 9600K, reserved 1058816K
  class space    used 951K, capacity 1055K, committed 1152K, reserved 1048576K
}
Event: 2281.616 GC heap before
{Heap before GC invocations=885 (full 23):
 PSYoungGen      total 928768K, used 883620K [0x0000000780800000, 0x00000007bfb80000, 0x00000007c0000000)
  eden space 825856K, 100% used [0x0000000780800000,0x00000007b2e80000,0x00000007b2e80000)
  from space 102912K, 56% used [0x00000007b9700000,0x00000007bcf69200,0x00000007bfb80000)
  to   space 104960K, 0% used [0x00000007b2e80000,0x00000007b2e80000,0x00000007b9500000)
 ParOldGen       total 358400K, used 146897K [0x0000000701800000, 0x0000000717600000, 0x0000000780800000)
  object space 358400K, 40% used [0x0000000701800000,0x000000070a774470,0x0000000717600000)
 Metaspace       used 8963K, capacity 9274K, committed 9600K, reserved 1058816K
  class space    used 951K, capacity 1055K, committed 1152K, reserved 1048576K
Event: 2281.738 GC heap after
Heap after GC invocations=885 (full 23):
 PSYoungGen      total 930816K, used 75174K [0x0000000780800000, 0x00000007bff00000, 0x00000007c0000000)
  eden space 825856K, 0% used [0x0000000780800000,0x0000000780800000,0x00000007b2e80000)
  from space 104960K, 71% used [0x00000007b2e80000,0x00000007b77e9a28,0x00000007b9500000)
  to   space 103424K, 0% used [0x00000007b9a00000,0x00000007b9a00000,0x00000007bff00000)
 ParOldGen       total 358400K, used 147001K [0x0000000701800000, 0x0000000717600000, 0x0000000780800000)
  object space 358400K, 41% used [0x0000000701800000,0x000000070a78e470,0x0000000717600000)
 Metaspace       used 8963K, capacity 9274K, committed 9600K, reserved 1058816K
  class space    used 951K, capacity 1055K, committed 1152K, reserved 1048576K
}

