# JRE version: Java(TM) SE Runtime Environment (8.0_221-b11) (build 1.8.0_221-b11)
# Java VM: Java HotSpot(TM) 64-Bit Server VM (25.221-b11 mixed mode windows-amd64 compressed oops)
Heap:
 PSYoungGen      total 347648K, used 78450K [0x0000000780800000, 0x0000000797000000, 0x00000007c0000000)
  eden space 344064K, 22% used [0x0000000780800000,0x0000000785434830,0x0000000795800000)
  from space 3584K, 11% used [0x0000000795b80000,0x0000000795be8000,0x0000000795f00000)
  to   space 3584K, 0% used [0x0000000795800000,0x0000000795800000,0x0000000795b80000)
 ParOldGen       total 76800K, used 61721K [0x0000000701800000, 0x0000000706300000, 0x0000000780800000)
  object space 76800K, 80% used [0x0000000701800000,0x0000000705446480,0x0000000706300000)
 Metaspace       used 13737K, capacity 14070K, committed 14208K, reserved 1062912K
  class space    used 1532K, capacity 1620K, committed 1664K, reserved 1048576K
GC Heap History (10 events):
Event: 621.811 GC heap before
{Heap before GC invocations=1051 (full 3):
 PSYoungGen      total 235520K, used 235312K [0x0000000780800000, 0x0000000796580000, 0x00000007c0000000)
  eden space 235008K, 100% used [0x0000000780800000,0x000000078ed80000,0x000000078ed80000)
  from space 512K, 59% used [0x0000000795e80000,0x0000000795ecc1c8,0x0000000795f00000)
  to   space 4096K, 0% used [0x0000000796180000,0x0000000796180000,0x0000000796580000)
 ParOldGen       total 76800K, used 61561K [0x0000000701800000, 0x0000000706300000, 0x0000000780800000)
  object space 76800K, 80% used [0x0000000701800000,0x000000070541e480,0x0000000706300000)
 Metaspace       used 13737K, capacity 14070K, committed 14208K, reserved 1062912K
  class space    used 1532K, capacity 1620K, committed 1664K, reserved 1048576K
Event: 621.813 GC heap after
Heap after GC invocations=1051 (full 3):
 PSYoungGen      total 226304K, used 606K [0x0000000780800000, 0x0000000796280000, 0x00000007c0000000)
  eden space 225280K, 0% used [0x0000000780800000,0x0000000780800000,0x000000078e400000)
  from space 1024K, 59% used [0x0000000796180000,0x00000007962179c8,0x0000000796280000)
  to   space 4096K, 0% used [0x0000000795a80000,0x0000000795a80000,0x0000000795e80000)
 ParOldGen       total 76800K, used 61585K [0x0000000701800000, 0x0000000706300000, 0x0000000780800000)
  object space 76800K, 80% used [0x0000000701800000,0x0000000705424480,0x0000000706300000)
 Metaspace       used 13737K, capacity 14070K, committed 14208K, reserved 1062912K
  class space    used 1532K, capacity 1620K, committed 1664K, reserved 1048576K
}
Event: 622.601 GC heap before
{Heap before GC invocations=1052 (full 3):
 PSYoungGen      total 226304K, used 225886K [0x0000000780800000, 0x0000000796280000, 0x00000007c0000000)
  eden space 225280K, 100% used [0x0000000780800000,0x000000078e400000,0x000000078e400000)
  from space 1024K, 59% used [0x0000000796180000,0x00000007962179c8,0x0000000796280000)
  to   space 4096K, 0% used [0x0000000795a80000,0x0000000795a80000,0x0000000795e80000)
 ParOldGen       total 76800K, used 61585K [0x0000000701800000, 0x0000000706300000, 0x0000000780800000)
  object space 76800K, 80% used [0x0000000701800000,0x0000000705424480,0x0000000706300000)
 Metaspace       used 13737K, capacity 14070K, committed 14208K, reserved 1062912K
  class space    used 1532K, capacity 1620K, committed 1664K, reserved 1048576K
Event: 622.604 GC heap after
Heap after GC invocations=1052 (full 3):
 PSYoungGen      total 220160K, used 1371K [0x0000000780800000, 0x0000000796200000, 0x00000007c0000000)
  eden space 216064K, 0% used [0x0000000780800000,0x0000000780800000,0x000000078db00000)
  from space 4096K, 33% used [0x0000000795a80000,0x0000000795bd6cf0,0x0000000795e80000)
  to   space 3584K, 0% used [0x0000000795e80000,0x0000000795e80000,0x0000000796200000)
 ParOldGen       total 76800K, used 61617K [0x0000000701800000, 0x0000000706300000, 0x0000000780800000)
  object space 76800K, 80% used [0x0000000701800000,0x000000070542c480,0x0000000706300000)
 Metaspace       used 13737K, capacity 14070K, committed 14208K, reserved 1062912K
  class space    used 1532K, capacity 1620K, committed 1664K, reserved 1048576K
}
Event: 623.244 GC heap before
{Heap before GC invocations=1053 (full 3):
 PSYoungGen      total 220160K, used 217435K [0x0000000780800000, 0x0000000796200000, 0x00000007c0000000)
  eden space 216064K, 100% used [0x0000000780800000,0x000000078db00000,0x000000078db00000)
  from space 4096K, 33% used [0x0000000795a80000,0x0000000795bd6cf0,0x0000000795e80000)
  to   space 3584K, 0% used [0x0000000795e80000,0x0000000795e80000,0x0000000796200000)
 ParOldGen       total 76800K, used 61617K [0x0000000701800000, 0x0000000706300000, 0x0000000780800000)
  object space 76800K, 80% used [0x0000000701800000,0x000000070542c480,0x0000000706300000)
 Metaspace       used 13737K, capacity 14070K, committed 14208K, reserved 1062912K
  class space    used 1532K, capacity 1620K, committed 1664K, reserved 1048576K
Event: 623.276 GC heap after
Heap after GC invocations=1053 (full 3):
 PSYoungGen      total 258560K, used 1320K [0x0000000780800000, 0x0000000796000000, 0x00000007c0000000)
  eden space 257024K, 0% used [0x0000000780800000,0x0000000780800000,0x0000000790300000)
  from space 1536K, 85% used [0x0000000795e80000,0x0000000795fca1f8,0x0000000796000000)
  to   space 3584K, 0% used [0x0000000795900000,0x0000000795900000,0x0000000795c80000)
 ParOldGen       total 76800K, used 61641K [0x0000000701800000, 0x0000000706300000, 0x0000000780800000)
  object space 76800K, 80% used [0x0000000701800000,0x0000000705432480,0x0000000706300000)
 Metaspace       used 13737K, capacity 14070K, committed 14208K, reserved 1062912K
  class space    used 1532K, capacity 1620K, committed 1664K, reserved 1048576K
}
Event: 623.999 GC heap before
{Heap before GC invocations=1054 (full 3):
 PSYoungGen      total 258560K, used 258344K [0x0000000780800000, 0x0000000796000000, 0x00000007c0000000)
  eden space 257024K, 100% used [0x0000000780800000,0x0000000790300000,0x0000000790300000)
  from space 1536K, 85% used [0x0000000795e80000,0x0000000795fca1f8,0x0000000796000000)
  to   space 3584K, 0% used [0x0000000795900000,0x0000000795900000,0x0000000795c80000)
 ParOldGen       total 76800K, used 61641K [0x0000000701800000, 0x0000000706300000, 0x0000000780800000)
  object space 76800K, 80% used [0x0000000701800000,0x0000000705432480,0x0000000706300000)
 Metaspace       used 13737K, capacity 14070K, committed 14208K, reserved 1062912K
  class space    used 1532K, capacity 1620K, committed 1664K, reserved 1048576K
Event: 624.003 GC heap after
Heap after GC invocations=1054 (full 3):
 PSYoungGen      total 307712K, used 2450K [0x0000000780800000, 0x0000000795f00000, 0x00000007c0000000)
  eden space 305152K, 0% used [0x0000000780800000,0x0000000780800000,0x0000000793200000)
  from space 2560K, 95% used [0x0000000795900000,0x0000000795b64890,0x0000000795b80000)
  to   space 3584K, 0% used [0x0000000795b80000,0x0000000795b80000,0x0000000795f00000)
 ParOldGen       total 76800K, used 61681K [0x0000000701800000, 0x0000000706300000, 0x0000000780800000)
  object space 76800K, 80% used [0x0000000701800000,0x000000070543c480,0x0000000706300000)
 Metaspace       used 13737K, capacity 14070K, committed 14208K, reserved 1062912K
  class space    used 1532K, capacity 1620K, committed 1664K, reserved 1048576K
}
Event: 625.138 GC heap before
{Heap before GC invocations=1055 (full 3):
 PSYoungGen      total 307712K, used 307602K [0x0000000780800000, 0x0000000795f00000, 0x00000007c0000000)
  eden space 305152K, 100% used [0x0000000780800000,0x0000000793200000,0x0000000793200000)
  from space 2560K, 95% used [0x0000000795900000,0x0000000795b64890,0x0000000795b80000)
  to   space 3584K, 0% used [0x0000000795b80000,0x0000000795b80000,0x0000000795f00000)
 ParOldGen       total 76800K, used 61681K [0x0000000701800000, 0x0000000706300000, 0x0000000780800000)
  object space 76800K, 80% used [0x0000000701800000,0x000000070543c480,0x0000000706300000)
 Metaspace       used 13737K, capacity 14070K, committed 14208K, reserved 1062912K
  class space    used 1532K, capacity 1620K, committed 1664K, reserved 1048576K
Event: 625.142 GC heap after
Heap after GC invocations=1055 (full 3):
 PSYoungGen      total 347648K, used 416K [0x0000000780800000, 0x0000000797000000, 0x00000007c0000000)
  eden space 344064K, 0% used [0x0000000780800000,0x0000000780800000,0x0000000795800000)
  from space 3584K, 11% used [0x0000000795b80000,0x0000000795be8000,0x0000000795f00000)
  to   space 3584K, 0% used [0x0000000795800000,0x0000000795800000,0x0000000795b80000)
 ParOldGen       total 76800K, used 61721K [0x0000000701800000, 0x0000000706300000, 0x0000000780800000)
  object space 76800K, 80% used [0x0000000701800000,0x0000000705446480,0x0000000706300000)
 Metaspace       used 13737K, capacity 14070K, committed 14208K, reserved 1062912K
  class space    used 1532K, capacity 1620K, committed 1664K, reserved 1048576K
}

